<?xml version="1.0" encoding="UTF-8"?>
<!-- Generated by org.testng.reporters.JUnitReportReporter -->
<testsuite hostname="LAPTOP-2GMD4EUC" failures="0" tests="16" name="excelReaderPack.ExcelDataProviderTest" time="10.125" errors="0" timestamp="27 Nov 2019 00:28:06 GMT" skipped="0">
  <testcase classname="excelReaderPack.ExcelDataProviderTest" name="UnderTest" time="0.095"/>
  <testcase classname="excelReaderPack.ExcelDataProviderTest" name="UnderTest" time="0.073"/>
  <testcase classname="excelReaderPack.ExcelDataProviderTest" name="UnderTest" time="0.084"/>
  <testcase classname="excelReaderPack.ExcelDataProviderTest" name="UnderTest" time="0.094"/>
  <testcase classname="excelReaderPack.ExcelDataProviderTest" name="UnderTest" time="0.104"/>
  <testcase classname="excelReaderPack.ExcelDataProviderTest" name="UnderTest" time="3.001"/>
  <testcase classname="excelReaderPack.ExcelDataProviderTest" name="UnderTest" time="0.085"/>
  <testcase classname="excelReaderPack.ExcelDataProviderTest" name="UnderTest" time="0.102"/>
  <testcase classname="excelReaderPack.ExcelDataProviderTest" name="UnderTest" time="0.049"/>
  <testcase classname="excelReaderPack.ExcelDataProviderTest" name="UnderTest" time="0.062"/>
  <testcase classname="excelReaderPack.ExcelDataProviderTest" name="UnderTest" time="0.067"/>
  <testcase classname="excelReaderPack.ExcelDataProviderTest" name="UnderTest" time="0.145"/>
  <testcase classname="excelReaderPack.ExcelDataProviderTest" name="UnderTest" time="0.066"/>
  <testcase classname="excelReaderPack.ExcelDataProviderTest" name="UnderTest" time="3.002"/>
  <testcase classname="excelReaderPack.ExcelDataProviderTest" name="UnderTest" time="0.095"/>
  <testcase classname="excelReaderPack.ExcelDataProviderTest" name="UnderTest" time="3.001"/>
</testsuite> <!-- excelReaderPack.ExcelDataProviderTest -->
