<?xml version="1.0" encoding="UTF-8"?>
<!-- Generated by org.testng.reporters.JUnitReportReporter -->
<testsuite hostname="LAPTOP-2GMD4EUC" failures="0" tests="16" name="excelReaderPack.ExcelDataProviderTest" time="10.398" errors="0" timestamp="05 Oct 2019 20:45:30 GMT" skipped="0">
  <testcase classname="excelReaderPack.ExcelDataProviderTest" name="UnderTest" time="0.127"/>
  <testcase classname="excelReaderPack.ExcelDataProviderTest" name="UnderTest" time="0.167"/>
  <testcase classname="excelReaderPack.ExcelDataProviderTest" name="UnderTest" time="0.091"/>
  <testcase classname="excelReaderPack.ExcelDataProviderTest" name="UnderTest" time="0.100"/>
  <testcase classname="excelReaderPack.ExcelDataProviderTest" name="UnderTest" time="0.066"/>
  <testcase classname="excelReaderPack.ExcelDataProviderTest" name="UnderTest" time="3.001"/>
  <testcase classname="excelReaderPack.ExcelDataProviderTest" name="UnderTest" time="0.168"/>
  <testcase classname="excelReaderPack.ExcelDataProviderTest" name="UnderTest" time="0.098"/>
  <testcase classname="excelReaderPack.ExcelDataProviderTest" name="UnderTest" time="0.093"/>
  <testcase classname="excelReaderPack.ExcelDataProviderTest" name="UnderTest" time="3.008"/>
  <testcase classname="excelReaderPack.ExcelDataProviderTest" name="UnderTest" time="0.152"/>
  <testcase classname="excelReaderPack.ExcelDataProviderTest" name="UnderTest" time="3.010"/>
  <testcase classname="excelReaderPack.ExcelDataProviderTest" name="UnderTest" time="0.098"/>
  <testcase classname="excelReaderPack.ExcelDataProviderTest" name="UnderTest" time="0.103"/>
  <testcase classname="excelReaderPack.ExcelDataProviderTest" name="UnderTest" time="0.108"/>
  <testcase classname="excelReaderPack.ExcelDataProviderTest" name="UnderTest" time="0.008"/>
</testsuite> <!-- excelReaderPack.ExcelDataProviderTest -->
