<?xml version="1.0" encoding="UTF-8"?>
<!-- Generated by org.testng.reporters.JUnitReportReporter -->
<testsuite hostname="LAPTOP-2GMD4EUC" failures="0" tests="16" name="testCases.HybridExceutTestCase" time="19.904" errors="0" timestamp="27 Nov 2019 00:28:06 GMT" skipped="0">
  <testcase classname="testCases.HybridExceutTestCase" name="UnderTest" time="0.077"/>
  <testcase classname="testCases.HybridExceutTestCase" name="UnderTest" time="0.071"/>
  <testcase classname="testCases.HybridExceutTestCase" name="UnderTest" time="0.070"/>
  <testcase classname="testCases.HybridExceutTestCase" name="UnderTest" time="0.106"/>
  <testcase classname="testCases.HybridExceutTestCase" name="UnderTest" time="5.092"/>
  <testcase classname="testCases.HybridExceutTestCase" name="UnderTest" time="0.072"/>
  <testcase classname="testCases.HybridExceutTestCase" name="UnderTest" time="0.066"/>
  <testcase classname="testCases.HybridExceutTestCase" name="UnderTest" time="0.055"/>
  <testcase classname="testCases.HybridExceutTestCase" name="UnderTest" time="0.001"/>
  <testcase classname="testCases.HybridExceutTestCase" name="UnderTest" time="5.122"/>
  <testcase classname="testCases.HybridExceutTestCase" name="UnderTest" time="0.020"/>
  <testcase classname="testCases.HybridExceutTestCase" name="UnderTest" time="0.063"/>
  <testcase classname="testCases.HybridExceutTestCase" name="UnderTest" time="3.001"/>
  <testcase classname="testCases.HybridExceutTestCase" name="UnderTest" time="3.001"/>
  <testcase classname="testCases.HybridExceutTestCase" name="UnderTest" time="0.087"/>
  <testcase classname="testCases.HybridExceutTestCase" name="UnderTest" time="3.000"/>
</testsuite> <!-- testCases.HybridExceutTestCase -->
