<?xml version="1.0" encoding="UTF-8"?>
<!-- Generated by org.testng.reporters.JUnitReportReporter -->
<testsuite hostname="LAPTOP-2GMD4EUC" failures="0" tests="16" name="testCases.HybridExceutTestCase" time="15.064" errors="0" timestamp="05 Oct 2019 20:45:30 GMT" skipped="0">
  <testcase classname="testCases.HybridExceutTestCase" name="UnderTest" time="0.105"/>
  <testcase classname="testCases.HybridExceutTestCase" name="UnderTest" time="5.121"/>
  <testcase classname="testCases.HybridExceutTestCase" name="UnderTest" time="0.063"/>
  <testcase classname="testCases.HybridExceutTestCase" name="UnderTest" time="0.120"/>
  <testcase classname="testCases.HybridExceutTestCase" name="UnderTest" time="3.002"/>
  <testcase classname="testCases.HybridExceutTestCase" name="UnderTest" time="0.000"/>
  <testcase classname="testCases.HybridExceutTestCase" name="UnderTest" time="0.074"/>
  <testcase classname="testCases.HybridExceutTestCase" name="UnderTest" time="3.000"/>
  <testcase classname="testCases.HybridExceutTestCase" name="UnderTest" time="0.093"/>
  <testcase classname="testCases.HybridExceutTestCase" name="UnderTest" time="0.113"/>
  <testcase classname="testCases.HybridExceutTestCase" name="UnderTest" time="0.058"/>
  <testcase classname="testCases.HybridExceutTestCase" name="UnderTest" time="0.058"/>
  <testcase classname="testCases.HybridExceutTestCase" name="UnderTest" time="0.087"/>
  <testcase classname="testCases.HybridExceutTestCase" name="UnderTest" time="0.045"/>
  <testcase classname="testCases.HybridExceutTestCase" name="UnderTest" time="3.007"/>
  <testcase classname="testCases.HybridExceutTestCase" name="UnderTest" time="0.118"/>
</testsuite> <!-- testCases.HybridExceutTestCase -->
