<?xml version="1.0" encoding="UTF-8"?>
<!-- Generated by org.testng.reporters.JUnitReportReporter -->
<testsuite hostname="LAPTOP-2GMD4EUC" failures="0" tests="16" name="excelReaderPack.ExcelDataProviderTest" time="10.422" errors="0" timestamp="05 Oct 2019 21:06:47 GMT" skipped="0">
  <testcase classname="excelReaderPack.ExcelDataProviderTest" name="UnderTest" time="0.127"/>
  <testcase classname="excelReaderPack.ExcelDataProviderTest" name="UnderTest" time="0.127"/>
  <testcase classname="excelReaderPack.ExcelDataProviderTest" name="UnderTest" time="0.128"/>
  <testcase classname="excelReaderPack.ExcelDataProviderTest" name="UnderTest" time="3.016"/>
  <testcase classname="excelReaderPack.ExcelDataProviderTest" name="UnderTest" time="0.100"/>
  <testcase classname="excelReaderPack.ExcelDataProviderTest" name="UnderTest" time="0.085"/>
  <testcase classname="excelReaderPack.ExcelDataProviderTest" name="UnderTest" time="0.125"/>
  <testcase classname="excelReaderPack.ExcelDataProviderTest" name="UnderTest" time="0.121"/>
  <testcase classname="excelReaderPack.ExcelDataProviderTest" name="UnderTest" time="0.171"/>
  <testcase classname="excelReaderPack.ExcelDataProviderTest" name="UnderTest" time="0.106"/>
  <testcase classname="excelReaderPack.ExcelDataProviderTest" name="UnderTest" time="0.107"/>
  <testcase classname="excelReaderPack.ExcelDataProviderTest" name="UnderTest" time="0.117"/>
  <testcase classname="excelReaderPack.ExcelDataProviderTest" name="UnderTest" time="0.008"/>
  <testcase classname="excelReaderPack.ExcelDataProviderTest" name="UnderTest" time="0.080"/>
  <testcase classname="excelReaderPack.ExcelDataProviderTest" name="UnderTest" time="3.002"/>
  <testcase classname="excelReaderPack.ExcelDataProviderTest" name="UnderTest" time="3.002"/>
</testsuite> <!-- excelReaderPack.ExcelDataProviderTest -->
