<?xml version="1.0" encoding="UTF-8"?>
<!-- Generated by org.testng.reporters.JUnitReportReporter -->
<testsuite hostname="LAPTOP-2GMD4EUC" failures="0" tests="1" name="webdriverManager.HowToUseWebDriverManager" time="3.862" errors="0" timestamp="11 Sep 2019 21:40:14 GMT" skipped="0">
  <testcase classname="webdriverManager.HowToUseWebDriverManager" name="WebDriverManagerTest" time="3.862"/>
</testsuite> <!-- webdriverManager.HowToUseWebDriverManager -->
