<?xml version="1.0" encoding="UTF-8"?>
<!-- Generated by org.testng.reporters.JUnitReportReporter -->
<testsuite hostname="LAPTOP-2GMD4EUC" failures="0" tests="16" name="testCases.HybridExceuteTestCase" time="7.952" errors="0" timestamp="02 Jul 2019 23:58:29 GMT" skipped="0">
  <testcase classname="testCases.HybridExceuteTestCase" name="UnderTest" time="0.662"/>
  <testcase classname="testCases.HybridExceuteTestCase" name="UnderTest" time="0.000"/>
  <testcase classname="testCases.HybridExceuteTestCase" name="UnderTest" time="0.065"/>
  <testcase classname="testCases.HybridExceuteTestCase" name="UnderTest" time="0.092"/>
  <testcase classname="testCases.HybridExceuteTestCase" name="UnderTest" time="0.123"/>
  <testcase classname="testCases.HybridExceuteTestCase" name="UnderTest" time="0.091"/>
  <testcase classname="testCases.HybridExceuteTestCase" name="UnderTest" time="0.191"/>
  <testcase classname="testCases.HybridExceuteTestCase" name="UnderTest" time="0.084"/>
  <testcase classname="testCases.HybridExceuteTestCase" name="UnderTest" time="0.082"/>
  <testcase classname="testCases.HybridExceuteTestCase" name="UnderTest" time="0.129"/>
  <testcase classname="testCases.HybridExceuteTestCase" name="UnderTest" time="0.098"/>
  <testcase classname="testCases.HybridExceuteTestCase" name="UnderTest" time="3.008"/>
  <testcase classname="testCases.HybridExceuteTestCase" name="UnderTest" time="0.092"/>
  <testcase classname="testCases.HybridExceuteTestCase" name="UnderTest" time="0.080"/>
  <testcase classname="testCases.HybridExceuteTestCase" name="UnderTest" time="0.150"/>
  <testcase classname="testCases.HybridExceuteTestCase" name="UnderTest" time="3.005"/>
</testsuite> <!-- testCases.HybridExceuteTestCase -->
