<?xml version="1.0" encoding="UTF-8"?>
<!-- Generated by org.testng.reporters.JUnitReportReporter -->
<testsuite hostname="LAPTOP-2GMD4EUC" failures="0" tests="16" name="testCases.HybridExceutTestCase" time="8.374" errors="0" timestamp="05 Oct 2019 20:28:01 GMT" skipped="0">
  <testcase classname="testCases.HybridExceutTestCase" name="UnderTest" time="0.097"/>
  <testcase classname="testCases.HybridExceutTestCase" name="UnderTest" time="0.147"/>
  <testcase classname="testCases.HybridExceutTestCase" name="UnderTest" time="0.078"/>
  <testcase classname="testCases.HybridExceutTestCase" name="UnderTest" time="0.162"/>
  <testcase classname="testCases.HybridExceutTestCase" name="UnderTest" time="0.120"/>
  <testcase classname="testCases.HybridExceutTestCase" name="UnderTest" time="3.014"/>
  <testcase classname="testCases.HybridExceutTestCase" name="UnderTest" time="0.100"/>
  <testcase classname="testCases.HybridExceutTestCase" name="UnderTest" time="0.289"/>
  <testcase classname="testCases.HybridExceutTestCase" name="UnderTest" time="0.089"/>
  <testcase classname="testCases.HybridExceutTestCase" name="UnderTest" time="0.118"/>
  <testcase classname="testCases.HybridExceutTestCase" name="UnderTest" time="0.680"/>
  <testcase classname="testCases.HybridExceutTestCase" name="UnderTest" time="0.078"/>
  <testcase classname="testCases.HybridExceutTestCase" name="UnderTest" time="0.115"/>
  <testcase classname="testCases.HybridExceutTestCase" name="UnderTest" time="0.121"/>
  <testcase classname="testCases.HybridExceutTestCase" name="UnderTest" time="3.007"/>
  <testcase classname="testCases.HybridExceutTestCase" name="UnderTest" time="0.159"/>
</testsuite> <!-- testCases.HybridExceutTestCase -->
