<?xml version="1.0" encoding="UTF-8"?>
<!-- Generated by org.testng.reporters.JUnitReportReporter -->
<testsuite hostname="LAPTOP-2GMD4EUC" failures="0" tests="3" name="webdriverManager.CrossBroweser" time="3.181" errors="0" timestamp="31 Aug 2019 01:35:49 GMT" skipped="0">
  <testcase classname="webdriverManager.CrossBroweser" name="OurWebsiteTest" time="1.439"/>
  <testcase classname="webdriverManager.CrossBroweser" name="OurWebsiteTest" time="0.664"/>
  <testcase classname="webdriverManager.CrossBroweser" name="OurWebsiteTest" time="1.078"/>
</testsuite> <!-- webdriverManager.CrossBroweser -->
