<?xml version="1.0" encoding="UTF-8"?>
<!-- Generated by org.testng.reporters.JUnitReportReporter -->
<testsuite hostname="LAPTOP-2GMD4EUC" failures="0" tests="1" name="testCases.windowhandle" time="10.093" errors="0" timestamp="15 Jan 2019 00:07:37 GMT" skipped="0">
  <testcase classname="testCases.windowhandle" name="WindowTest" time="10.093"/>
</testsuite> <!-- testCases.windowhandle -->
