<?xml version="1.0" encoding="UTF-8"?>
<!-- Generated by org.testng.reporters.JUnitReportReporter -->
<testsuite hostname="LAPTOP-2GMD4EUC" failures="0" tests="16" name="excelReaderPack.ExcelDataProvider" time="7.365" errors="0" timestamp="03 Oct 2019 02:20:07 GMT" skipped="0">
  <testcase classname="excelReaderPack.ExcelDataProvider" name="UnderTest" time="0.108"/>
  <testcase classname="excelReaderPack.ExcelDataProvider" name="UnderTest" time="0.083"/>
  <testcase classname="excelReaderPack.ExcelDataProvider" name="UnderTest" time="3.007"/>
  <testcase classname="excelReaderPack.ExcelDataProvider" name="UnderTest" time="0.016"/>
  <testcase classname="excelReaderPack.ExcelDataProvider" name="UnderTest" time="0.126"/>
  <testcase classname="excelReaderPack.ExcelDataProvider" name="UnderTest" time="0.087"/>
  <testcase classname="excelReaderPack.ExcelDataProvider" name="UnderTest" time="0.089"/>
  <testcase classname="excelReaderPack.ExcelDataProvider" name="UnderTest" time="3.015"/>
  <testcase classname="excelReaderPack.ExcelDataProvider" name="UnderTest" time="0.078"/>
  <testcase classname="excelReaderPack.ExcelDataProvider" name="UnderTest" time="0.127"/>
  <testcase classname="excelReaderPack.ExcelDataProvider" name="UnderTest" time="0.141"/>
  <testcase classname="excelReaderPack.ExcelDataProvider" name="UnderTest" time="0.115"/>
  <testcase classname="excelReaderPack.ExcelDataProvider" name="UnderTest" time="0.015"/>
  <testcase classname="excelReaderPack.ExcelDataProvider" name="UnderTest" time="0.154"/>
  <testcase classname="excelReaderPack.ExcelDataProvider" name="UnderTest" time="0.111"/>
  <testcase classname="excelReaderPack.ExcelDataProvider" name="UnderTest" time="0.093"/>
</testsuite> <!-- excelReaderPack.ExcelDataProvider -->
