<?xml version="1.0" encoding="UTF-8"?>
<!-- Generated by org.testng.reporters.JUnitReportReporter -->
<testsuite hostname="LAPTOP-2GMD4EUC" failures="0" tests="1" name="extraLocatorPdfFileBarCode.HowToReadPdfFile" time="1.329" errors="0" timestamp="21 Aug 2019 21:57:30 GMT" skipped="0">
  <testcase classname="extraLocatorPdfFileBarCode.HowToReadPdfFile" name="pdfReadTest" time="1.329"/>
</testsuite> <!-- extraLocatorPdfFileBarCode.HowToReadPdfFile -->
