<?xml version="1.0" encoding="UTF-8"?>
<!-- Generated by org.testng.reporters.JUnitReportReporter -->
<testsuite hostname="LAPTOP-2GMD4EUC" failures="0" tests="1" name="webdriverManager.HowToUseWebDriverManager" time="34.455" errors="0" timestamp="12 Jul 2019 01:15:51 GMT" skipped="0">
  <testcase classname="webdriverManager.HowToUseWebDriverManager" name="WebDriverManagerTest" time="34.455"/>
</testsuite> <!-- webdriverManager.HowToUseWebDriverManager -->
