<?xml version="1.0" encoding="UTF-8" ?>
<testsuite tests="32" failures="0" name="TestSuite" time="30.032" errors="0" skipped="0">
  <properties>
    <property name="java.runtime.name" value="Java(TM) SE Runtime Environment"/>
    <property name="java.vm.version" value="11.0.3+12-LTS"/>
    <property name="sun.boot.library.path" value="C:\Program Files\Java\jdk-11.0.3\bin"/>
    <property name="maven.multiModuleProjectDirectory" value="C:\Users\A R Tarafder\git\HybridMavenProject\HybridMavenProject"/>
    <property name="java.vm.vendor" value="Oracle Corporation"/>
    <property name="java.vendor.url" value="http://java.oracle.com/"/>
    <property name="guice.disable.misplaced.annotation.check" value="true"/>
    <property name="path.separator" value=";"/>
    <property name="java.vm.name" value="Java HotSpot(TM) 64-Bit Server VM"/>
    <property name="sun.os.patch.level" value=""/>
    <property name="user.script" value=""/>
    <property name="user.country" value="US"/>
    <property name="sun.java.launcher" value="SUN_STANDARD"/>
    <property name="java.vm.specification.name" value="Java Virtual Machine Specification"/>
    <property name="user.dir" value="C:\Users\A R Tarafder\git\HybridMavenProject\HybridMavenProject"/>
    <property name="java.vm.compressedOopsMode" value="Zero based"/>
    <property name="java.runtime.version" value="11.0.3+12-LTS"/>
    <property name="java.awt.graphicsenv" value="sun.awt.Win32GraphicsEnvironment"/>
    <property name="os.arch" value="amd64"/>
    <property name="java.io.tmpdir" value="C:\WINDOWS\TEMP\"/>
    <property name="line.separator" value="
"/>
    <property name="java.vm.specification.vendor" value="Oracle Corporation"/>
    <property name="user.variant" value=""/>
    <property name="os.name" value="Windows 10"/>
    <property name="classworlds.conf" value="C:\Program Files\apache-maven-3.5.3\bin\..\bin\m2.conf"/>
    <property name="sun.jnu.encoding" value="Cp1252"/>
    <property name="java.library.path" value="C:\Program Files\Java\jdk-11.0.3\bin;C:\WINDOWS\Sun\Java\bin;C:\WINDOWS\system32;C:\WINDOWS;C:\Program Files\Java\jdk-11.0.3\bin;C:\WINDOWS\system32;C:\WINDOWS;C:\WINDOWS\System32\Wbem;C:\WINDOWS\System32\WindowsPowerShell\v1.0\;C:\Program Files\Java\jdk-11.0.3\bin;C:\Program Files\apache-maven-3.5.3\bin;C:\WINDOWS\System32\OpenSSH\;C:\Program Files\Git\cmd;C:\Program Files\Microsoft SQL Server\Client SDK\ODBC\130\Tools\Binn\;C:\Program Files (x86)\Microsoft SQL Server\140\Tools\Binn\;C:\Program Files\Microsoft SQL Server\140\Tools\Binn\;C:\Program Files\Microsoft SQL Server\140\DTS\Binn\;C:\Program Files (x86)\Microsoft SQL Server\Client SDK\ODBC\130\Tools\Binn\;C:\Program Files (x86)\Microsoft SQL Server\140\DTS\Binn\;C:\Program Files (x86)\Microsoft SQL Server\140\Tools\Binn\ManagementStudio\;C:\Program Files\MySQL\MySQL Server 8.0\bin;C:\Program Files (x86)\Microsoft SQL Server\150\DTS\Binn\;C:\Program Files\nodejs\;%MAVEN_HOME%;%ANDROID_HOME%\tools\bin;%ANDROID_HOME%\platform-tools\bin;%ANDROID_HOME%\build-tools\bin;C:\Program Files\Android\Android Studio\bin;C:\Users\A R Tarafder\AppData\Local\Android\Sdk\platform-tools;C:\Users\A R Tarafder\AppData\Local\Android\Sdk\tools\bin;C:\Program Files\Intel\WiFi\bin\;C:\Program Files\Common Files\Intel\WirelessCommon\;C:\Users\A R Tarafder\AppData\Local\Microsoft\WindowsApps;C:\Users\A R Tarafder\.dotnet\tools;."/>
    <property name="maven.conf" value="C:\Program Files\apache-maven-3.5.3\bin\../conf"/>
    <property name="jdk.debug" value="release"/>
    <property name="java.class.version" value="55.0"/>
    <property name="java.specification.name" value="Java Platform API Specification"/>
    <property name="sun.management.compiler" value="HotSpot 64-Bit Tiered Compilers"/>
    <property name="os.version" value="10.0"/>
    <property name="library.jansi.path" value="C:\Program Files\apache-maven-3.5.3\bin\..\lib\jansi-native"/>
    <property name="user.home" value="C:\WINDOWS\system32\config\systemprofile"/>
    <property name="user.timezone" value="America/New_York"/>
    <property name="java.awt.printerjob" value="sun.awt.windows.WPrinterJob"/>
    <property name="file.encoding" value="Cp1252"/>
    <property name="java.specification.version" value="11"/>
    <property name="user.name" value="LAPTOP-2GMD4EUC$"/>
    <property name="java.class.path" value="C:\Program Files\apache-maven-3.5.3\bin\..\boot\plexus-classworlds-2.5.2.jar"/>
    <property name="java.vm.specification.version" value="11"/>
    <property name="sun.arch.data.model" value="64"/>
    <property name="sun.java.command" value="org.codehaus.plexus.classworlds.launcher.Launcher test"/>
    <property name="java.home" value="C:\Program Files\Java\jdk-11.0.3"/>
    <property name="user.language" value="en"/>
    <property name="java.specification.vendor" value="Oracle Corporation"/>
    <property name="awt.toolkit" value="sun.awt.windows.WToolkit"/>
    <property name="java.vm.info" value="mixed mode"/>
    <property name="java.version" value="11.0.3"/>
    <property name="java.vendor" value="Oracle Corporation"/>
    <property name="maven.home" value="C:\Program Files\apache-maven-3.5.3\bin\.."/>
    <property name="file.separator" value="\"/>
    <property name="java.version.date" value="2019-04-16"/>
    <property name="java.vendor.url.bug" value="http://bugreport.java.com/bugreport/"/>
    <property name="sun.io.unicode.encoding" value="UnicodeLittle"/>
    <property name="sun.cpu.endian" value="little"/>
    <property name="java.vendor.version" value="18.9"/>
    <property name="sun.desktop" value="windows"/>
    <property name="sun.cpu.isalist" value="amd64"/>
  </properties>
  <testcase classname="excelReaderPack.ExcelDataProviderTest" name="UnderTest" time="0.052"/>
  <testcase classname="excelReaderPack.ExcelDataProviderTest" name="UnderTest" time="0.142"/>
  <testcase classname="excelReaderPack.ExcelDataProviderTest" name="UnderTest" time="0.073"/>
  <testcase classname="excelReaderPack.ExcelDataProviderTest" name="UnderTest" time="0.067"/>
  <testcase classname="excelReaderPack.ExcelDataProviderTest" name="UnderTest" time="0.095"/>
  <testcase classname="excelReaderPack.ExcelDataProviderTest" name="UnderTest" time="0.086"/>
  <testcase classname="excelReaderPack.ExcelDataProviderTest" name="UnderTest" time="0.066"/>
  <testcase classname="excelReaderPack.ExcelDataProviderTest" name="UnderTest" time="3.001"/>
  <testcase classname="excelReaderPack.ExcelDataProviderTest" name="UnderTest" time="0.084"/>
  <testcase classname="excelReaderPack.ExcelDataProviderTest" name="UnderTest" time="0.096"/>
  <testcase classname="excelReaderPack.ExcelDataProviderTest" name="UnderTest" time="0.102"/>
  <testcase classname="excelReaderPack.ExcelDataProviderTest" name="UnderTest" time="0.062"/>
  <testcase classname="excelReaderPack.ExcelDataProviderTest" name="UnderTest" time="3.001"/>
  <testcase classname="excelReaderPack.ExcelDataProviderTest" name="UnderTest" time="0.103"/>
  <testcase classname="excelReaderPack.ExcelDataProviderTest" name="UnderTest" time="0.094"/>
  <testcase classname="excelReaderPack.ExcelDataProviderTest" name="UnderTest" time="3"/>
  <testcase classname="testCases.HybridExceutTestCase" name="UnderTest" time="0.001"/>
  <testcase classname="testCases.HybridExceutTestCase" name="UnderTest" time="0.021"/>
  <testcase classname="testCases.HybridExceutTestCase" name="UnderTest" time="0.056"/>
  <testcase classname="testCases.HybridExceutTestCase" name="UnderTest" time="0.063"/>
  <testcase classname="testCases.HybridExceutTestCase" name="UnderTest" time="0.106"/>
  <testcase classname="testCases.HybridExceutTestCase" name="UnderTest" time="0.071"/>
  <testcase classname="testCases.HybridExceutTestCase" name="UnderTest" time="0.066"/>
  <testcase classname="testCases.HybridExceutTestCase" name="UnderTest" time="3.001"/>
  <testcase classname="testCases.HybridExceutTestCase" name="UnderTest" time="5.094"/>
  <testcase classname="testCases.HybridExceutTestCase" name="UnderTest" time="0.087"/>
  <testcase classname="testCases.HybridExceutTestCase" name="UnderTest" time="0.07"/>
  <testcase classname="testCases.HybridExceutTestCase" name="UnderTest" time="0.073"/>
  <testcase classname="testCases.HybridExceutTestCase" name="UnderTest" time="3"/>
  <testcase classname="testCases.HybridExceutTestCase" name="UnderTest" time="5.122"/>
  <testcase classname="testCases.HybridExceutTestCase" name="UnderTest" time="0.076"/>
  <testcase classname="testCases.HybridExceutTestCase" name="UnderTest" time="3.001"/>
</testsuite>