<?xml version="1.0" encoding="UTF-8" ?>
<testsuite tests="16" failures="0" name="excelReaderPack.ExcelDataProviderTest" time="7.9" errors="0" skipped="0">
  <properties>
    <property name="java.runtime.name" value="Java(TM) SE Runtime Environment"/>
    <property name="java.vm.version" value="13+33"/>
    <property name="sun.boot.library.path" value="C:\Program Files\Java\jdk-13\bin"/>
    <property name="maven.multiModuleProjectDirectory" value="C:\Users\A R Tarafder\git\HybridMavenProject\HybridMavenProject"/>
    <property name="java.vm.vendor" value="Oracle Corporation"/>
    <property name="java.vendor.url" value="https://java.oracle.com/"/>
    <property name="guice.disable.misplaced.annotation.check" value="true"/>
    <property name="path.separator" value=";"/>
    <property name="java.vm.name" value="Java HotSpot(TM) 64-Bit Server VM"/>
    <property name="sun.os.patch.level" value=""/>
    <property name="user.script" value=""/>
    <property name="user.country" value="US"/>
    <property name="sun.java.launcher" value="SUN_STANDARD"/>
    <property name="java.vm.specification.name" value="Java Virtual Machine Specification"/>
    <property name="user.dir" value="C:\Users\A R Tarafder\git\HybridMavenProject\HybridMavenProject"/>
    <property name="java.vm.compressedOopsMode" value="Zero based"/>
    <property name="java.runtime.version" value="13+33"/>
    <property name="os.arch" value="amd64"/>
    <property name="java.io.tmpdir" value="C:\Users\ARTARA~1\AppData\Local\Temp\"/>
    <property name="line.separator" value="
"/>
    <property name="java.vm.specification.vendor" value="Oracle Corporation"/>
    <property name="user.variant" value=""/>
    <property name="os.name" value="Windows 10"/>
    <property name="classworlds.conf" value="C:\Users\A R Tarafder\eclipse-workspace\.metadata\.plugins\org.eclipse.m2e.launching\launches\m2conf11131616719834528319.tmp"/>
    <property name="sun.jnu.encoding" value="Cp1252"/>
    <property name="java.library.path" value="C:\Program Files\Java\jdk-13\bin;C:\WINDOWS\Sun\Java\bin;C:\WINDOWS\system32;C:\WINDOWS;C:/Program Files/Java/jdk-11.0.3/bin/server;C:/Program Files/Java/jdk-11.0.3/bin;C:\Program Files\Java\jdk-11.0.3\bin;C:\WINDOWS\system32;C:\WINDOWS;C:\WINDOWS\System32\Wbem;C:\WINDOWS\System32\WindowsPowerShell\v1.0\;C:\Program Files\Java\jdk-11.0.3\bin;C:\Program Files\apache-maven-3.5.3\bin;C:\WINDOWS\System32\OpenSSH\;C:\Program Files\Git\cmd;C:\Program Files\Microsoft SQL Server\Client SDK\ODBC\130\Tools\Binn\;C:\Program Files (x86)\Microsoft SQL Server\140\Tools\Binn\;C:\Program Files\Microsoft SQL Server\140\Tools\Binn\;C:\Program Files\Microsoft SQL Server\140\DTS\Binn\;C:\Program Files (x86)\Microsoft SQL Server\Client SDK\ODBC\130\Tools\Binn\;C:\Program Files (x86)\Microsoft SQL Server\140\DTS\Binn\;C:\Program Files (x86)\Microsoft SQL Server\140\Tools\Binn\ManagementStudio\;C:\Program Files\MySQL\MySQL Server 8.0\bin;C:\Program Files\Intel\WiFi\bin\;C:\Program Files\Common Files\Intel\WirelessCommon\;C:\Program Files (x86)\Microsoft SQL Server\150\DTS\Binn\;C:\Program Files\nodejs\;%MAVEN_HOME%;%ANDROID_HOME%\tools\bin;%ANDROID_HOME%\platform-tools\bin;%ANDROID_HOME%\build-tools\bin;C:\Program Files\Android\Android Studio\bin;C:\Users\A R Tarafder\AppData\Local\Android\Sdk\platform-tools;C:\Users\A R Tarafder\AppData\Local\Android\Sdk\tools\bin;;C:\Users\A R Tarafder\AppData\Local\Programs\Azure Data Studio\bin;C:\Users\A R Tarafder\AppData\Roaming\npm;%USERPROFILE%\AppData\Local\Microsoft\WindowsApps;C:\Users\A R Tarafder\Desktop;;."/>
    <property name="jdk.debug" value="release"/>
    <property name="java.class.version" value="57.0"/>
    <property name="java.specification.name" value="Java Platform API Specification"/>
    <property name="sun.management.compiler" value="HotSpot 64-Bit Tiered Compilers"/>
    <property name="os.version" value="10.0"/>
    <property name="user.home" value="C:\Users\A R Tarafder"/>
    <property name="user.timezone" value="America/New_York"/>
    <property name="file.encoding" value="Cp1252"/>
    <property name="java.specification.version" value="13"/>
    <property name="user.name" value="A R Tarafder"/>
    <property name="java.class.path" value="C:\Users\A R Tarafder\.p2\pool\plugins\org.eclipse.m2e.maven.runtime_1.13.0.20190716-1623\jars\plexus-classworlds-2.6.0.jar"/>
    <property name="java.vm.specification.version" value="13"/>
    <property name="sun.arch.data.model" value="64"/>
    <property name="sun.java.command" value="org.codehaus.plexus.classworlds.launcher.Launcher -B test"/>
    <property name="java.home" value="C:\Program Files\Java\jdk-13"/>
    <property name="user.language" value="en"/>
    <property name="java.specification.vendor" value="Oracle Corporation"/>
    <property name="java.vm.info" value="mixed mode, sharing"/>
    <property name="java.version" value="13"/>
    <property name="java.vendor" value="Oracle Corporation"/>
    <property name="maven.home" value="C:\Users\A R Tarafder\git\HybridMavenProject\HybridMavenProject\EMBEDDED"/>
    <property name="file.separator" value="\"/>
    <property name="java.version.date" value="2019-09-17"/>
    <property name="java.vendor.url.bug" value="https://bugreport.java.com/bugreport/"/>
    <property name="sun.io.unicode.encoding" value="UnicodeLittle"/>
    <property name="sun.cpu.endian" value="little"/>
    <property name="sun.cpu.isalist" value="amd64"/>
  </properties>
  <testcase classname="excelReaderPack.ExcelDataProviderTest" name="UnderTest" time="0.003"/>
  <testcase classname="excelReaderPack.ExcelDataProviderTest" name="UnderTest" time="0.137"/>
  <testcase classname="excelReaderPack.ExcelDataProviderTest" name="UnderTest" time="0.102"/>
  <testcase classname="excelReaderPack.ExcelDataProviderTest" name="UnderTest" time="0.098"/>
  <testcase classname="excelReaderPack.ExcelDataProviderTest" name="UnderTest" time="0.107"/>
  <testcase classname="excelReaderPack.ExcelDataProviderTest" name="UnderTest" time="0.084"/>
  <testcase classname="excelReaderPack.ExcelDataProviderTest" name="UnderTest" time="0.074"/>
  <testcase classname="excelReaderPack.ExcelDataProviderTest" name="UnderTest" time="3.001"/>
  <testcase classname="excelReaderPack.ExcelDataProviderTest" name="UnderTest" time="0.054"/>
  <testcase classname="excelReaderPack.ExcelDataProviderTest" name="UnderTest" time="0.093"/>
  <testcase classname="excelReaderPack.ExcelDataProviderTest" name="UnderTest" time="0.087"/>
  <testcase classname="excelReaderPack.ExcelDataProviderTest" name="UnderTest" time="0.077"/>
  <testcase classname="excelReaderPack.ExcelDataProviderTest" name="UnderTest" time="3.002"/>
  <testcase classname="excelReaderPack.ExcelDataProviderTest" name="UnderTest" time="0.136"/>
  <testcase classname="excelReaderPack.ExcelDataProviderTest" name="UnderTest" time="0.132"/>
  <testcase classname="excelReaderPack.ExcelDataProviderTest" name="UnderTest" time="0.713"/>
</testsuite>